<?xml version="1.0" encoding="UTF-8" ?>
<testsuites disabled="0" errors="0" failures="0" tests="187" time="1400901">
 <testsuite name="[E2E].************  Scénario 3 Creation dossier + T10 + T15 + T20 + T25 + T30 + T35 + A01 + A05 ************ " timestamp="2018-12-13T14:33:38" hostname="localhost" time="700.451" errors="0" tests="0" skipped="0" disabled="0" failures="0">
 </testsuite>
 <testsuite name="[E2E].************  Scénario 3 Creation dossier + T10 + T15 + T20 + T25 + T30 + T35 + A01 + A05 ************ .Verification de la page principale" timestamp="2018-12-13T14:33:38" hostname="localhost" time="14.514" errors="0" tests="4" skipped="0" disabled="0" failures="0">
  <testcase classname="[E2E].************  Scénario 3 Creation dossier + T10 + T15 + T20 + T25 + T30 + T35 + A01 + A05 ************ .Verification de la page principale" name="Must show -&gt; accueil dossier" time="8.618" />
  <testcase classname="[E2E].************  Scénario 3 Creation dossier + T10 + T15 + T20 + T25 + T30 + T35 + A01 + A05 ************ .Verification de la page principale" name="Siga-679 -&gt; Utilisateur" time="1.181" />
  <testcase classname="[E2E].************  Scénario 3 Creation dossier + T10 + T15 + T20 + T25 + T30 + T35 + A01 + A05 ************ .Verification de la page principale" name="Must show all buttons 1/2" time="2.797" />
  <testcase classname="[E2E].************  Scénario 3 Creation dossier + T10 + T15 + T20 + T25 + T30 + T35 + A01 + A05 ************ .Verification de la page principale" name="Must show all buttons 2/2" time="1.918" />
 </testsuite>
 <testsuite name="[E2E].************  Scénario 3 Creation dossier + T10 + T15 + T20 + T25 + T30 + T35 + A01 + A05 ************ .Test Paramétrer" timestamp="2018-12-13T14:33:52" hostname="localhost" time="9.33" errors="0" tests="6" skipped="0" disabled="0" failures="0">
  <testcase classname="[E2E].************  Scénario 3 Creation dossier + T10 + T15 + T20 + T25 + T30 + T35 + A01 + A05 ************ .Test Paramétrer" name="Must navigate to Liste_Valeur" time="1.619" />
  <testcase classname="[E2E].************  Scénario 3 Creation dossier + T10 + T15 + T20 + T25 + T30 + T35 + A01 + A05 ************ .Test Paramétrer" name="Must serch of Liste_Valeur -&gt; themartique 1/2 " time="1.756" />
  <testcase classname="[E2E].************  Scénario 3 Creation dossier + T10 + T15 + T20 + T25 + T30 + T35 + A01 + A05 ************ .Test Paramétrer" name="Must serch of Liste_Valeur -&gt; themartique 2/2 " time="1.302" />
  <testcase classname="[E2E].************  Scénario 3 Creation dossier + T10 + T15 + T20 + T25 + T30 + T35 + A01 + A05 ************ .Test Paramétrer" name="Must serch of Liste_Valeur -&gt; param " time="1.79" />
  <testcase classname="[E2E].************  Scénario 3 Creation dossier + T10 + T15 + T20 + T25 + T30 + T35 + A01 + A05 ************ .Test Paramétrer" name="Must desable valide  " time="1.265" />
  <testcase classname="[E2E].************  Scénario 3 Creation dossier + T10 + T15 + T20 + T25 + T30 + T35 + A01 + A05 ************ .Test Paramétrer" name="Must serch of Liste_Valeur -&gt; themartique 1/2 " time="1.598" />
 </testsuite>
 <testsuite name="[E2E].************  Scénario 3 Creation dossier + T10 + T15 + T20 + T25 + T30 + T35 + A01 + A05 ************ .      -&gt; Creation dossier" timestamp="2018-12-13T14:34:02" hostname="localhost" time="25.665" errors="0" tests="13" skipped="0" disabled="0" failures="0">
  <testcase classname="[E2E].************  Scénario 3 Creation dossier + T10 + T15 + T20 + T25 + T30 + T35 + A01 + A05 ************ .      -&gt; Creation dossier" name="Must be able to click on the first button -&gt; Creer Dossier" time="2.061" />
  <testcase classname="[E2E].************  Scénario 3 Creation dossier + T10 + T15 + T20 + T25 + T30 + T35 + A01 + A05 ************ .      -&gt; Creation dossier" name="Must be able to click on the arrow of -&gt; Thematique" time="1.29" />
  <testcase classname="[E2E].************  Scénario 3 Creation dossier + T10 + T15 + T20 + T25 + T30 + T35 + A01 + A05 ************ .      -&gt; Creation dossier" name="Must be able to choose on the list -&gt; Thematique" time="1.587" />
  <testcase classname="[E2E].************  Scénario 3 Creation dossier + T10 + T15 + T20 + T25 + T30 + T35 + A01 + A05 ************ .      -&gt; Creation dossier" name="Must be able to click on the arrow of -&gt; Departement" time="1.335" />
  <testcase classname="[E2E].************  Scénario 3 Creation dossier + T10 + T15 + T20 + T25 + T30 + T35 + A01 + A05 ************ .      -&gt; Creation dossier" name="Must be able to choose on the list -&gt; Departement" time="1.325" />
  <testcase classname="[E2E].************  Scénario 3 Creation dossier + T10 + T15 + T20 + T25 + T30 + T35 + A01 + A05 ************ .      -&gt; Creation dossier" name="Must be able to fill the field -&gt; Intitule" time="1.317" />
  <testcase classname="[E2E].************  Scénario 3 Creation dossier + T10 + T15 + T20 + T25 + T30 + T35 + A01 + A05 ************ .      -&gt; Creation dossier" name="1/4 Preparation -&gt; Recherche Beneficiaire" time="1.412" />
  <testcase classname="[E2E].************  Scénario 3 Creation dossier + T10 + T15 + T20 + T25 + T30 + T35 + A01 + A05 ************ .      -&gt; Creation dossier" name="2/4 Preparation -&gt; Departement du bénéficiaire" time="1.288" />
  <testcase classname="[E2E].************  Scénario 3 Creation dossier + T10 + T15 + T20 + T25 + T30 + T35 + A01 + A05 ************ .      -&gt; Creation dossier" name="3/4 Preparation -&gt; choix Departement" time="1.394" />
  <testcase classname="[E2E].************  Scénario 3 Creation dossier + T10 + T15 + T20 + T25 + T30 + T35 + A01 + A05 ************ .      -&gt; Creation dossier" name="4/4 Preparation -&gt; Click Rechercher" time="1.299" />
  <testcase classname="[E2E].************  Scénario 3 Creation dossier + T10 + T15 + T20 + T25 + T30 + T35 + A01 + A05 ************ .      -&gt; Creation dossier" name="Siga-922 -&gt; Choix dans la liste de resultats" time="7.271" />
  <testcase classname="[E2E].************  Scénario 3 Creation dossier + T10 + T15 + T20 + T25 + T30 + T35 + A01 + A05 ************ .      -&gt; Creation dossier" name="Must be able to click on the button -&gt; Enregistrer" time="2.231" />
  <testcase classname="[E2E].************  Scénario 3 Creation dossier + T10 + T15 + T20 + T25 + T30 + T35 + A01 + A05 ************ .      -&gt; Creation dossier" name="Get -&gt; nom dossier" time="1.854" />
 </testsuite>
 <testsuite name="[E2E].************  Scénario 3 Creation dossier + T10 + T15 + T20 + T25 + T30 + T35 + A01 + A05 ************ .      -&gt; ajout autre parametres" timestamp="2018-12-13T14:34:27" hostname="localhost" time="14.679" errors="0" tests="9" skipped="0" disabled="0" failures="0">
  <testcase classname="[E2E].************  Scénario 3 Creation dossier + T10 + T15 + T20 + T25 + T30 + T35 + A01 + A05 ************ .      -&gt; ajout autre parametres" name="Must be able to click on the date button -&gt; Date de la demande" time="1.814" />
  <testcase classname="[E2E].************  Scénario 3 Creation dossier + T10 + T15 + T20 + T25 + T30 + T35 + A01 + A05 ************ .      -&gt; ajout autre parametres" name="Must be able to to choose the date in -&gt; Date de la demande" time="1.285" />
  <testcase classname="[E2E].************  Scénario 3 Creation dossier + T10 + T15 + T20 + T25 + T30 + T35 + A01 + A05 ************ .      -&gt; ajout autre parametres" name="Must be able to click on the date button  -&gt; Date complet" time="1.348" />
  <testcase classname="[E2E].************  Scénario 3 Creation dossier + T10 + T15 + T20 + T25 + T30 + T35 + A01 + A05 ************ .      -&gt; ajout autre parametres" name="Must be able to to choose the date in -&gt; Date complet" time="1.725" />
  <testcase classname="[E2E].************  Scénario 3 Creation dossier + T10 + T15 + T20 + T25 + T30 + T35 + A01 + A05 ************ .      -&gt; ajout autre parametres" name="Must be able to click on the arrow of -&gt; Priorite" time="1.28" />
  <testcase classname="[E2E].************  Scénario 3 Creation dossier + T10 + T15 + T20 + T25 + T30 + T35 + A01 + A05 ************ .      -&gt; ajout autre parametres" name="Must be able to choose on the list -&gt; Priorite" time="1.36" />
  <testcase classname="[E2E].************  Scénario 3 Creation dossier + T10 + T15 + T20 + T25 + T30 + T35 + A01 + A05 ************ .      -&gt; ajout autre parametres" name="Must be able to click on the arrow of -&gt; Session decision" time="1.344" />
  <testcase classname="[E2E].************  Scénario 3 Creation dossier + T10 + T15 + T20 + T25 + T30 + T35 + A01 + A05 ************ .      -&gt; ajout autre parametres" name="Must be able to choose on the list -&gt; Session decision" time="1.284" />
  <testcase classname="[E2E].************  Scénario 3 Creation dossier + T10 + T15 + T20 + T25 + T30 + T35 + A01 + A05 ************ .      -&gt; ajout autre parametres" name="Must be able to navigate to Information spécifique" time="3.238" />
 </testsuite>
 <testsuite name="[E2E].************  Scénario 3 Creation dossier + T10 + T15 + T20 + T25 + T30 + T35 + A01 + A05 ************ .      -&gt; Nature operation + aides" timestamp="2018-12-13T14:34:42" hostname="localhost" time="17.136" errors="0" tests="10" skipped="0" disabled="0" failures="0">
  <testcase classname="[E2E].************  Scénario 3 Creation dossier + T10 + T15 + T20 + T25 + T30 + T35 + A01 + A05 ************ .      -&gt; Nature operation + aides" name="Must be able to navigate to Recapitulatif des aides -&gt; Click Recapitulatif des aides  " time="1.953" />
  <testcase classname="[E2E].************  Scénario 3 Creation dossier + T10 + T15 + T20 + T25 + T30 + T35 + A01 + A05 ************ .      -&gt; Nature operation + aides" name="Must be able to click on the arrow of -&gt; Nature Operation" time="1.75" />
  <testcase classname="[E2E].************  Scénario 3 Creation dossier + T10 + T15 + T20 + T25 + T30 + T35 + A01 + A05 ************ .      -&gt; Nature operation + aides" name="Must be able to choose several elements on the list -&gt; Nature Operation" time="2.849" />
  <testcase classname="[E2E].************  Scénario 3 Creation dossier + T10 + T15 + T20 + T25 + T30 + T35 + A01 + A05 ************ .      -&gt; Nature operation + aides" name="Must be able to add labbel -&gt; Ajouter labbel" time="1.301" />
  <testcase classname="[E2E].************  Scénario 3 Creation dossier + T10 + T15 + T20 + T25 + T30 + T35 + A01 + A05 ************ .      -&gt; Nature operation + aides" name="Must be able to enter input cout -&gt; Ajouter cout" time="1.367" />
  <testcase classname="[E2E].************  Scénario 3 Creation dossier + T10 + T15 + T20 + T25 + T30 + T35 + A01 + A05 ************ .      -&gt; Nature operation + aides" name="Must be able to add aides  -&gt; Ajouter cout taux avance" time="1.3" />
  <testcase classname="[E2E].************  Scénario 3 Creation dossier + T10 + T15 + T20 + T25 + T30 + T35 + A01 + A05 ************ .      -&gt; Nature operation + aides" name="Must be able to add aides  -&gt; Ajouter cout taux subvention" time="1.317" />
  <testcase classname="[E2E].************  Scénario 3 Creation dossier + T10 + T15 + T20 + T25 + T30 + T35 + A01 + A05 ************ .      -&gt; Nature operation + aides" name="Must be able to add aides  -&gt; Ajouter cout taux specifique" time="1.317" />
  <testcase classname="[E2E].************  Scénario 3 Creation dossier + T10 + T15 + T20 + T25 + T30 + T35 + A01 + A05 ************ .      -&gt; Nature operation + aides" name="Must be able to fill spécificité de calcul " time="1.683" />
  <testcase classname="[E2E].************  Scénario 3 Creation dossier + T10 + T15 + T20 + T25 + T30 + T35 + A01 + A05 ************ .      -&gt; Nature operation + aides" name="Must be able to validate -&gt; Click Enregistrer" time="2.299" />
 </testsuite>
 <testsuite name="[E2E].************  Scénario 3 Creation dossier + T10 + T15 + T20 + T25 + T30 + T35 + A01 + A05 ************ . must go to T15 " timestamp="2018-12-13T14:34:59" hostname="localhost" time="28.028" errors="0" tests="2" skipped="0" disabled="0" failures="0">
  <testcase classname="[E2E].************  Scénario 3 Creation dossier + T10 + T15 + T20 + T25 + T30 + T35 + A01 + A05 ************ . must go to T15 " name="Must be able to click on the button -&gt; Basculer" time="11.652" />
  <testcase classname="[E2E].************  Scénario 3 Creation dossier + T10 + T15 + T20 + T25 + T30 + T35 + A01 + A05 ************ . must go to T15 " name="Must be able to click on the button -&gt; Basculer" time="16.375" />
 </testsuite>
 <testsuite name="[E2E].************  Scénario 3 Creation dossier + T10 + T15 + T20 + T25 + T30 + T35 + A01 + A05 ************ . must go from T15 &gt; T20 &gt; T25 &gt; T30 " timestamp="2018-12-13T14:35:27" hostname="localhost" time="46.955" errors="0" tests="4" skipped="0" disabled="0" failures="0">
  <testcase classname="[E2E].************  Scénario 3 Creation dossier + T10 + T15 + T20 + T25 + T30 + T35 + A01 + A05 ************ . must go from T15 &gt; T20 &gt; T25 &gt; T30 " name="Must be able to go from T15 to T20 1/2 " time="6.247" />
  <testcase classname="[E2E].************  Scénario 3 Creation dossier + T10 + T15 + T20 + T25 + T30 + T35 + A01 + A05 ************ . must go from T15 &gt; T20 &gt; T25 &gt; T30 " name="Must be able to go from T15 to T20 2/2" time="7.451" />
  <testcase classname="[E2E].************  Scénario 3 Creation dossier + T10 + T15 + T20 + T25 + T30 + T35 + A01 + A05 ************ . must go from T15 &gt; T20 &gt; T25 &gt; T30 " name="Must be able to go from T20 to T25" time="21.178" />
  <testcase classname="[E2E].************  Scénario 3 Creation dossier + T10 + T15 + T20 + T25 + T30 + T35 + A01 + A05 ************ . must go from T15 &gt; T20 &gt; T25 &gt; T30 " name="Must be able to go from T25 to T30" time="12.078" />
 </testsuite>
 <testsuite name="[E2E].************  Scénario 3 Creation dossier + T10 + T15 + T20 + T25 + T30 + T35 + A01 + A05 ************ .Must be able to go from T30 to T35 " timestamp="2018-12-13T14:36:14" hostname="localhost" time="38.274" errors="0" tests="4" skipped="0" disabled="0" failures="0">
  <testcase classname="[E2E].************  Scénario 3 Creation dossier + T10 + T15 + T20 + T25 + T30 + T35 + A01 + A05 ************ .Must be able to go from T30 to T35 " name="Se rendre sur -&gt;  Rechercher dossier Preparer une session" time="6.934" />
  <testcase classname="[E2E].************  Scénario 3 Creation dossier + T10 + T15 + T20 + T25 + T30 + T35 + A01 + A05 ************ .Must be able to go from T30 to T35 " name="Selectionner le dossier " time="23.568" />
  <testcase classname="[E2E].************  Scénario 3 Creation dossier + T10 + T15 + T20 + T25 + T30 + T35 + A01 + A05 ************ .Must be able to go from T30 to T35 " name="spécifier l&apos;année" time="2.459" />
  <testcase classname="[E2E].************  Scénario 3 Creation dossier + T10 + T15 + T20 + T25 + T30 + T35 + A01 + A05 ************ .Must be able to go from T30 to T35 " name=" Affecter a la session" time="5.312" />
 </testsuite>
 <testsuite name="[E2E].************  Scénario 3 Creation dossier + T10 + T15 + T20 + T25 + T30 + T35 + A01 + A05 ************ .Must be able to go from T35 to A01 " timestamp="2018-12-13T14:36:53" hostname="localhost" time="13.334" errors="0" tests="5" skipped="0" disabled="0" failures="0">
  <testcase classname="[E2E].************  Scénario 3 Creation dossier + T10 + T15 + T20 + T25 + T30 + T35 + A01 + A05 ************ .Must be able to go from T35 to A01 " name="Must navigate to Saisir avis 2/2" time="2.077" />
  <testcase classname="[E2E].************  Scénario 3 Creation dossier + T10 + T15 + T20 + T25 + T30 + T35 + A01 + A05 ************ .Must be able to go from T35 to A01 " name="Must search for dossier" time="2.871" />
  <testcase classname="[E2E].************  Scénario 3 Creation dossier + T10 + T15 + T20 + T25 + T30 + T35 + A01 + A05 ************ .Must be able to go from T35 to A01 " name="Must be able to get nombre de dossiers" time="1.154" />
  <testcase classname="[E2E].************  Scénario 3 Creation dossier + T10 + T15 + T20 + T25 + T30 + T35 + A01 + A05 ************ .Must be able to go from T35 to A01 " name="Must be able to set Favorable 1/2" time="1.865" />
  <testcase classname="[E2E].************  Scénario 3 Creation dossier + T10 + T15 + T20 + T25 + T30 + T35 + A01 + A05 ************ .Must be able to go from T35 to A01 " name="Must be able to set avis Favorable 2/2" time="5.367" />
 </testsuite>
 <testsuite name="[E2E].************  Scénario 3 Creation dossier + T10 + T15 + T20 + T25 + T30 + T35 + A01 + A05 ************ .Must be able to go from A01 to A05 " timestamp="2018-12-13T14:37:06" hostname="localhost" time="19.47" errors="0" tests="6" skipped="0" disabled="0" failures="0">
  <testcase classname="[E2E].************  Scénario 3 Creation dossier + T10 + T15 + T20 + T25 + T30 + T35 + A01 + A05 ************ .Must be able to go from A01 to A05 " name="Must navigate to Attribuer les aides" time="1.9" />
  <testcase classname="[E2E].************  Scénario 3 Creation dossier + T10 + T15 + T20 + T25 + T30 + T35 + A01 + A05 ************ .Must be able to go from A01 to A05 " name="Must search for dossier" time="3.006" />
  <testcase classname="[E2E].************  Scénario 3 Creation dossier + T10 + T15 + T20 + T25 + T30 + T35 + A01 + A05 ************ .Must be able to go from A01 to A05 " name="Selectionner le dossier " time="10.25" />
  <testcase classname="[E2E].************  Scénario 3 Creation dossier + T10 + T15 + T20 + T25 + T30 + T35 + A01 + A05 ************ .Must be able to go from A01 to A05 " name="Must be able to click on the date button -&gt; Date de l&apos;attribution" time="1.702" />
  <testcase classname="[E2E].************  Scénario 3 Creation dossier + T10 + T15 + T20 + T25 + T30 + T35 + A01 + A05 ************ .Must be able to go from A01 to A05 " name="Must be able to to choose the date in -&gt; Date de la demande" time="1.292" />
  <testcase classname="[E2E].************  Scénario 3 Creation dossier + T10 + T15 + T20 + T25 + T30 + T35 + A01 + A05 ************ .Must be able to go from A01 to A05 " name="Must be able to click on Attribuer" time="1.32" />
 </testsuite>
 <testsuite name="[E2E].************  Scénario 3 Creation dossier + T10 + T15 + T20 + T25 + T30 + T35 + A01 + A05 ************ .Verifier Dossier et log numeros aides  " timestamp="2018-12-13T14:37:25" hostname="localhost" time="29.391" errors="0" tests="13" skipped="0" disabled="0" failures="0">
  <testcase classname="[E2E].************  Scénario 3 Creation dossier + T10 + T15 + T20 + T25 + T30 + T35 + A01 + A05 ************ .Verifier Dossier et log numeros aides  " name="Must be able to click on the first button -&gt; Rechercher" time="2.965" />
  <testcase classname="[E2E].************  Scénario 3 Creation dossier + T10 + T15 + T20 + T25 + T30 + T35 + A01 + A05 ************ .Verifier Dossier et log numeros aides  " name="Must be able to click on the arrow of -&gt; Thematique" time="1.507" />
  <testcase classname="[E2E].************  Scénario 3 Creation dossier + T10 + T15 + T20 + T25 + T30 + T35 + A01 + A05 ************ .Verifier Dossier et log numeros aides  " name="Must be able to choose in the list -&gt; Thematique" time="1.782" />
  <testcase classname="[E2E].************  Scénario 3 Creation dossier + T10 + T15 + T20 + T25 + T30 + T35 + A01 + A05 ************ .Verifier Dossier et log numeros aides  " name="Must be able to click on the arrow of -&gt; Departement" time="1.292" />
  <testcase classname="[E2E].************  Scénario 3 Creation dossier + T10 + T15 + T20 + T25 + T30 + T35 + A01 + A05 ************ .Verifier Dossier et log numeros aides  " name="Must be able to choose in the list -&gt; Departement" time="1.34" />
  <testcase classname="[E2E].************  Scénario 3 Creation dossier + T10 + T15 + T20 + T25 + T30 + T35 + A01 + A05 ************ .Verifier Dossier et log numeros aides  " name="Must be able to not fill the field -&gt; Numero" time="1.17" />
  <testcase classname="[E2E].************  Scénario 3 Creation dossier + T10 + T15 + T20 + T25 + T30 + T35 + A01 + A05 ************ .Verifier Dossier et log numeros aides  " name="Must be able to fill the field -&gt; Beneficiaire" time="1.354" />
  <testcase classname="[E2E].************  Scénario 3 Creation dossier + T10 + T15 + T20 + T25 + T30 + T35 + A01 + A05 ************ .Verifier Dossier et log numeros aides  " name="Must be able to choose in the list -&gt; Phase" time="2.209" />
  <testcase classname="[E2E].************  Scénario 3 Creation dossier + T10 + T15 + T20 + T25 + T30 + T35 + A01 + A05 ************ .Verifier Dossier et log numeros aides  " name="Must be able to click on the research" time="2.3" />
  <testcase classname="[E2E].************  Scénario 3 Creation dossier + T10 + T15 + T20 + T25 + T30 + T35 + A01 + A05 ************ .Verifier Dossier et log numeros aides  " name="it must navigate to dossier" time="7.408" />
  <testcase classname="[E2E].************  Scénario 3 Creation dossier + T10 + T15 + T20 + T25 + T30 + T35 + A01 + A05 ************ .Verifier Dossier et log numeros aides  " name="Verification des items existants" time="1.426" />
  <testcase classname="[E2E].************  Scénario 3 Creation dossier + T10 + T15 + T20 + T25 + T30 + T35 + A01 + A05 ************ .Verifier Dossier et log numeros aides  " name="Click sur les items existants" time="3.476" />
  <testcase classname="[E2E].************  Scénario 3 Creation dossier + T10 + T15 + T20 + T25 + T30 + T35 + A01 + A05 ************ .Verifier Dossier et log numeros aides  " name="it must find recapitulatif des aides" time="1.16" />
 </testsuite>
 <testsuite name="[E2E].************  Scénario 3 Creation dossier + T10 + T15 + T20 + T25 + T30 + T35 + A01 + A05 ************ . Vérifier Description Générale" timestamp="2018-12-13T14:37:55" hostname="localhost" time="18.673" errors="0" tests="8" skipped="0" disabled="0" failures="0">
  <testcase classname="[E2E].************  Scénario 3 Creation dossier + T10 + T15 + T20 + T25 + T30 + T35 + A01 + A05 ************ . Vérifier Description Générale" name="Must be able to navigate to Description générale -&gt; Click Description générale " time="1.385" />
  <testcase classname="[E2E].************  Scénario 3 Creation dossier + T10 + T15 + T20 + T25 + T30 + T35 + A01 + A05 ************ . Vérifier Description Générale" name="Must be able to fill Description générale -&gt; fill Description de l&apos;operation " time="1.714" />
  <testcase classname="[E2E].************  Scénario 3 Creation dossier + T10 + T15 + T20 + T25 + T30 + T35 + A01 + A05 ************ . Vérifier Description Générale" name="Must be able to fill Description générale -&gt; fill resultat attendus " time="1.786" />
  <testcase classname="[E2E].************  Scénario 3 Creation dossier + T10 + T15 + T20 + T25 + T30 + T35 + A01 + A05 ************ . Vérifier Description Générale" name="Must be able to add piece pour solde -&gt; click piece pour solde" time="2.231" />
  <testcase classname="[E2E].************  Scénario 3 Creation dossier + T10 + T15 + T20 + T25 + T30 + T35 + A01 + A05 ************ . Vérifier Description Générale" name="Must be able to add disposition technique particuliere -&gt; click disposition technique particuliere" time="2.581" />
  <testcase classname="[E2E].************  Scénario 3 Creation dossier + T10 + T15 + T20 + T25 + T30 + T35 + A01 + A05 ************ . Vérifier Description Générale" name="Must be able to modalité de versement des aides non standard -&gt; click versement des aides non standard and fill " time="2.332" />
  <testcase classname="[E2E].************  Scénario 3 Creation dossier + T10 + T15 + T20 + T25 + T30 + T35 + A01 + A05 ************ . Vérifier Description Générale" name="Must be able to add Modalité(s) de réduction des aides -&gt; click Modalité(s) de réduction des aides" time="2.638" />
  <testcase classname="[E2E].************  Scénario 3 Creation dossier + T10 + T15 + T20 + T25 + T30 + T35 + A01 + A05 ************ . Vérifier Description Générale" name="Must be able to click on the button -&gt; Enregistrer" time="4.005" />
 </testsuite>
 <testsuite name="[E2E].************  Scénario 3 Creation dossier + T10 + T15 + T20 + T25 + T30 + T35 + A01 + A05 ************ .      -&gt; Creation dossier" timestamp="2018-12-13T14:38:13" hostname="localhost" time="27.669" errors="0" tests="13" skipped="0" disabled="0" failures="0">
  <testcase classname="[E2E].************  Scénario 3 Creation dossier + T10 + T15 + T20 + T25 + T30 + T35 + A01 + A05 ************ .      -&gt; Creation dossier" name="Must be able to click on the first button -&gt; Creer Dossier" time="2.4" />
  <testcase classname="[E2E].************  Scénario 3 Creation dossier + T10 + T15 + T20 + T25 + T30 + T35 + A01 + A05 ************ .      -&gt; Creation dossier" name="Must be able to click on the arrow of -&gt; Thematique" time="2.678" />
  <testcase classname="[E2E].************  Scénario 3 Creation dossier + T10 + T15 + T20 + T25 + T30 + T35 + A01 + A05 ************ .      -&gt; Creation dossier" name="Must be able to choose on the list -&gt; Thematique" time="1.622" />
  <testcase classname="[E2E].************  Scénario 3 Creation dossier + T10 + T15 + T20 + T25 + T30 + T35 + A01 + A05 ************ .      -&gt; Creation dossier" name="Must be able to click on the arrow of -&gt; Departement" time="1.326" />
  <testcase classname="[E2E].************  Scénario 3 Creation dossier + T10 + T15 + T20 + T25 + T30 + T35 + A01 + A05 ************ .      -&gt; Creation dossier" name="Must be able to choose on the list -&gt; Departement" time="1.295" />
  <testcase classname="[E2E].************  Scénario 3 Creation dossier + T10 + T15 + T20 + T25 + T30 + T35 + A01 + A05 ************ .      -&gt; Creation dossier" name="Must be able to fill the field -&gt; Intitule" time="1.466" />
  <testcase classname="[E2E].************  Scénario 3 Creation dossier + T10 + T15 + T20 + T25 + T30 + T35 + A01 + A05 ************ .      -&gt; Creation dossier" name="1/4 Preparation -&gt; Recherche Beneficiaire" time="1.345" />
  <testcase classname="[E2E].************  Scénario 3 Creation dossier + T10 + T15 + T20 + T25 + T30 + T35 + A01 + A05 ************ .      -&gt; Creation dossier" name="2/4 Preparation -&gt; Departement du bénéficiaire" time="1.348" />
  <testcase classname="[E2E].************  Scénario 3 Creation dossier + T10 + T15 + T20 + T25 + T30 + T35 + A01 + A05 ************ .      -&gt; Creation dossier" name="3/4 Preparation -&gt; choix Departement" time="1.348" />
  <testcase classname="[E2E].************  Scénario 3 Creation dossier + T10 + T15 + T20 + T25 + T30 + T35 + A01 + A05 ************ .      -&gt; Creation dossier" name="4/4 Preparation -&gt; Click Rechercher" time="1.304" />
  <testcase classname="[E2E].************  Scénario 3 Creation dossier + T10 + T15 + T20 + T25 + T30 + T35 + A01 + A05 ************ .      -&gt; Creation dossier" name="Siga-922 -&gt; Choix dans la liste de resultats" time="7.656" />
  <testcase classname="[E2E].************  Scénario 3 Creation dossier + T10 + T15 + T20 + T25 + T30 + T35 + A01 + A05 ************ .      -&gt; Creation dossier" name="Must be able to click on the button -&gt; Enregistrer" time="2.254" />
  <testcase classname="[E2E].************  Scénario 3 Creation dossier + T10 + T15 + T20 + T25 + T30 + T35 + A01 + A05 ************ .      -&gt; Creation dossier" name="Get -&gt; nom dossier" time="1.626" />
 </testsuite>
 <testsuite name="[E2E].************  Scénario 3 Creation dossier + T10 + T15 + T20 + T25 + T30 + T35 + A01 + A05 ************ .      -&gt; ajout autre parametres" timestamp="2018-12-13T14:38:41" hostname="localhost" time="14.631" errors="0" tests="9" skipped="0" disabled="0" failures="0">
  <testcase classname="[E2E].************  Scénario 3 Creation dossier + T10 + T15 + T20 + T25 + T30 + T35 + A01 + A05 ************ .      -&gt; ajout autre parametres" name="Must be able to click on the date button -&gt; Date de la demande" time="1.706" />
  <testcase classname="[E2E].************  Scénario 3 Creation dossier + T10 + T15 + T20 + T25 + T30 + T35 + A01 + A05 ************ .      -&gt; ajout autre parametres" name="Must be able to to choose the date in -&gt; Date de la demande" time="1.301" />
  <testcase classname="[E2E].************  Scénario 3 Creation dossier + T10 + T15 + T20 + T25 + T30 + T35 + A01 + A05 ************ .      -&gt; ajout autre parametres" name="Must be able to click on the date button  -&gt; Date complet" time="1.303" />
  <testcase classname="[E2E].************  Scénario 3 Creation dossier + T10 + T15 + T20 + T25 + T30 + T35 + A01 + A05 ************ .      -&gt; ajout autre parametres" name="Must be able to to choose the date in -&gt; Date complet" time="1.727" />
  <testcase classname="[E2E].************  Scénario 3 Creation dossier + T10 + T15 + T20 + T25 + T30 + T35 + A01 + A05 ************ .      -&gt; ajout autre parametres" name="Must be able to click on the arrow of -&gt; Priorite" time="1.357" />
  <testcase classname="[E2E].************  Scénario 3 Creation dossier + T10 + T15 + T20 + T25 + T30 + T35 + A01 + A05 ************ .      -&gt; ajout autre parametres" name="Must be able to choose on the list -&gt; Priorite" time="1.281" />
  <testcase classname="[E2E].************  Scénario 3 Creation dossier + T10 + T15 + T20 + T25 + T30 + T35 + A01 + A05 ************ .      -&gt; ajout autre parametres" name="Must be able to click on the arrow of -&gt; Session decision" time="1.289" />
  <testcase classname="[E2E].************  Scénario 3 Creation dossier + T10 + T15 + T20 + T25 + T30 + T35 + A01 + A05 ************ .      -&gt; ajout autre parametres" name="Must be able to choose on the list -&gt; Session decision" time="1.325" />
  <testcase classname="[E2E].************  Scénario 3 Creation dossier + T10 + T15 + T20 + T25 + T30 + T35 + A01 + A05 ************ .      -&gt; ajout autre parametres" name="Must be able to navigate to Information spécifique" time="3.34" />
 </testsuite>
 <testsuite name="[E2E].************  Scénario 3 Creation dossier + T10 + T15 + T20 + T25 + T30 + T35 + A01 + A05 ************ .      -&gt; Nature operation + aides" timestamp="2018-12-13T14:38:56" hostname="localhost" time="16.645" errors="0" tests="10" skipped="0" disabled="0" failures="0">
  <testcase classname="[E2E].************  Scénario 3 Creation dossier + T10 + T15 + T20 + T25 + T30 + T35 + A01 + A05 ************ .      -&gt; Nature operation + aides" name="Must be able to navigate to Recapitulatif des aides -&gt; Click Recapitulatif des aides  " time="1.891" />
  <testcase classname="[E2E].************  Scénario 3 Creation dossier + T10 + T15 + T20 + T25 + T30 + T35 + A01 + A05 ************ .      -&gt; Nature operation + aides" name="Must be able to click on the arrow of -&gt; Nature Operation" time="1.708" />
  <testcase classname="[E2E].************  Scénario 3 Creation dossier + T10 + T15 + T20 + T25 + T30 + T35 + A01 + A05 ************ .      -&gt; Nature operation + aides" name="Must be able to choose several elements on the list -&gt; Nature Operation" time="2.444" />
  <testcase classname="[E2E].************  Scénario 3 Creation dossier + T10 + T15 + T20 + T25 + T30 + T35 + A01 + A05 ************ .      -&gt; Nature operation + aides" name="Must be able to add labbel -&gt; Ajouter labbel" time="1.268" />
  <testcase classname="[E2E].************  Scénario 3 Creation dossier + T10 + T15 + T20 + T25 + T30 + T35 + A01 + A05 ************ .      -&gt; Nature operation + aides" name="Must be able to enter input cout -&gt; Ajouter cout" time="1.384" />
  <testcase classname="[E2E].************  Scénario 3 Creation dossier + T10 + T15 + T20 + T25 + T30 + T35 + A01 + A05 ************ .      -&gt; Nature operation + aides" name="Must be able to add aides  -&gt; Ajouter cout taux avance" time="1.298" />
  <testcase classname="[E2E].************  Scénario 3 Creation dossier + T10 + T15 + T20 + T25 + T30 + T35 + A01 + A05 ************ .      -&gt; Nature operation + aides" name="Must be able to add aides  -&gt; Ajouter cout taux subvention" time="1.323" />
  <testcase classname="[E2E].************  Scénario 3 Creation dossier + T10 + T15 + T20 + T25 + T30 + T35 + A01 + A05 ************ .      -&gt; Nature operation + aides" name="Must be able to add aides  -&gt; Ajouter cout taux specifique" time="1.322" />
  <testcase classname="[E2E].************  Scénario 3 Creation dossier + T10 + T15 + T20 + T25 + T30 + T35 + A01 + A05 ************ .      -&gt; Nature operation + aides" name="Must be able to fill spécificité de calcul " time="1.688" />
  <testcase classname="[E2E].************  Scénario 3 Creation dossier + T10 + T15 + T20 + T25 + T30 + T35 + A01 + A05 ************ .      -&gt; Nature operation + aides" name="Must be able to validate -&gt; Click Enregistrer" time="2.319" />
 </testsuite>
 <testsuite name="[E2E].************  Scénario 3 Creation dossier + T10 + T15 + T20 + T25 + T30 + T35 + A01 + A05 ************ . must go to T15 " timestamp="2018-12-13T14:39:12" hostname="localhost" time="27.856" errors="0" tests="2" skipped="0" disabled="0" failures="0">
  <testcase classname="[E2E].************  Scénario 3 Creation dossier + T10 + T15 + T20 + T25 + T30 + T35 + A01 + A05 ************ . must go to T15 " name="Must be able to click on the button -&gt; Basculer" time="11.463" />
  <testcase classname="[E2E].************  Scénario 3 Creation dossier + T10 + T15 + T20 + T25 + T30 + T35 + A01 + A05 ************ . must go to T15 " name="Must be able to click on the button -&gt; Basculer" time="16.392" />
 </testsuite>
 <testsuite name="[E2E].************  Scénario 3 Creation dossier + T10 + T15 + T20 + T25 + T30 + T35 + A01 + A05 ************ . must go from T15 &gt; T20 &gt; T25 &gt; T30 " timestamp="2018-12-13T14:39:40" hostname="localhost" time="46.731" errors="0" tests="4" skipped="0" disabled="0" failures="0">
  <testcase classname="[E2E].************  Scénario 3 Creation dossier + T10 + T15 + T20 + T25 + T30 + T35 + A01 + A05 ************ . must go from T15 &gt; T20 &gt; T25 &gt; T30 " name="Must be able to go from T15 to T20 1/2 " time="6.145" />
  <testcase classname="[E2E].************  Scénario 3 Creation dossier + T10 + T15 + T20 + T25 + T30 + T35 + A01 + A05 ************ . must go from T15 &gt; T20 &gt; T25 &gt; T30 " name="Must be able to go from T15 to T20 2/2" time="7.651" />
  <testcase classname="[E2E].************  Scénario 3 Creation dossier + T10 + T15 + T20 + T25 + T30 + T35 + A01 + A05 ************ . must go from T15 &gt; T20 &gt; T25 &gt; T30 " name="Must be able to go from T20 to T25" time="21.348" />
  <testcase classname="[E2E].************  Scénario 3 Creation dossier + T10 + T15 + T20 + T25 + T30 + T35 + A01 + A05 ************ . must go from T15 &gt; T20 &gt; T25 &gt; T30 " name="Must be able to go from T25 to T30" time="11.587" />
 </testsuite>
 <testsuite name="[E2E].************  Scénario 3 Creation dossier + T10 + T15 + T20 + T25 + T30 + T35 + A01 + A05 ************ .Must be able to go from T30 to T35 " timestamp="2018-12-13T14:40:27" hostname="localhost" time="39.45" errors="0" tests="4" skipped="0" disabled="0" failures="0">
  <testcase classname="[E2E].************  Scénario 3 Creation dossier + T10 + T15 + T20 + T25 + T30 + T35 + A01 + A05 ************ .Must be able to go from T30 to T35 " name="Se rendre sur -&gt;  Rechercher dossier Preparer une session" time="6.954" />
  <testcase classname="[E2E].************  Scénario 3 Creation dossier + T10 + T15 + T20 + T25 + T30 + T35 + A01 + A05 ************ .Must be able to go from T30 to T35 " name="Selectionner le dossier " time="24.663" />
  <testcase classname="[E2E].************  Scénario 3 Creation dossier + T10 + T15 + T20 + T25 + T30 + T35 + A01 + A05 ************ .Must be able to go from T30 to T35 " name="spécifier l&apos;année" time="2.525" />
  <testcase classname="[E2E].************  Scénario 3 Creation dossier + T10 + T15 + T20 + T25 + T30 + T35 + A01 + A05 ************ .Must be able to go from T30 to T35 " name=" Affecter a la session" time="5.307" />
 </testsuite>
 <testsuite name="[E2E].************  Scénario 3 Creation dossier + T10 + T15 + T20 + T25 + T30 + T35 + A01 + A05 ************ .Must be able to go from T35 to A02 " timestamp="2018-12-13T14:41:06" hostname="localhost" time="11.401" errors="0" tests="5" skipped="0" disabled="0" failures="0">
  <testcase classname="[E2E].************  Scénario 3 Creation dossier + T10 + T15 + T20 + T25 + T30 + T35 + A01 + A05 ************ .Must be able to go from T35 to A02 " name="Must navigate to Saisir avis" time="1.791" />
  <testcase classname="[E2E].************  Scénario 3 Creation dossier + T10 + T15 + T20 + T25 + T30 + T35 + A01 + A05 ************ .Must be able to go from T35 to A02 " name="Must search for dossier" time="3.232" />
  <testcase classname="[E2E].************  Scénario 3 Creation dossier + T10 + T15 + T20 + T25 + T30 + T35 + A01 + A05 ************ .Must be able to go from T35 to A02 " name="Must be able to get nombre de dossiers" time="1.172" />
  <testcase classname="[E2E].************  Scénario 3 Creation dossier + T10 + T15 + T20 + T25 + T30 + T35 + A01 + A05 ************ .Must be able to go from T35 to A02 " name="Must be able to set Dossier différé 1/2 " time="2.912" />
  <testcase classname="[E2E].************  Scénario 3 Creation dossier + T10 + T15 + T20 + T25 + T30 + T35 + A01 + A05 ************ .Must be able to go from T35 to A02 " name="Must be able to set Dossier différé 2/2" time="2.291" />
 </testsuite>
 <testsuite name="[E2E].************  Scénario 3 Creation dossier + T10 + T15 + T20 + T25 + T30 + T35 + A01 + A05 ************ .Must be able to go from A02 to A05 " timestamp="2018-12-13T14:41:18" hostname="localhost" time="22.517" errors="0" tests="6" skipped="0" disabled="0" failures="0">
  <testcase classname="[E2E].************  Scénario 3 Creation dossier + T10 + T15 + T20 + T25 + T30 + T35 + A01 + A05 ************ .Must be able to go from A02 to A05 " name="Must navigate to Attribuer les aides" time="3.873" />
  <testcase classname="[E2E].************  Scénario 3 Creation dossier + T10 + T15 + T20 + T25 + T30 + T35 + A01 + A05 ************ .Must be able to go from A02 to A05 " name="Must search for dossier" time="3.404" />
  <testcase classname="[E2E].************  Scénario 3 Creation dossier + T10 + T15 + T20 + T25 + T30 + T35 + A01 + A05 ************ .Must be able to go from A02 to A05 " name="Selectionner le dossier " time="10.106" />
  <testcase classname="[E2E].************  Scénario 3 Creation dossier + T10 + T15 + T20 + T25 + T30 + T35 + A01 + A05 ************ .Must be able to go from A02 to A05 " name="Must be able to click on the date button -&gt; Date de l&apos;attribution" time="1.681" />
  <testcase classname="[E2E].************  Scénario 3 Creation dossier + T10 + T15 + T20 + T25 + T30 + T35 + A01 + A05 ************ .Must be able to go from A02 to A05 " name="Must be able to to choose the date in -&gt; Date de la demande" time="2.186" />
  <testcase classname="[E2E].************  Scénario 3 Creation dossier + T10 + T15 + T20 + T25 + T30 + T35 + A01 + A05 ************ .Must be able to go from A02 to A05 " name="Must be able to click on Attribuer" time="1.267" />
 </testsuite>
 <testsuite name="[E2E].************  Scénario 3 Creation dossier + T10 + T15 + T20 + T25 + T30 + T35 + A01 + A05 ************ .      -&gt; Creation dossier" timestamp="2018-12-13T14:41:40" hostname="localhost" time="26.345" errors="0" tests="13" skipped="0" disabled="0" failures="0">
  <testcase classname="[E2E].************  Scénario 3 Creation dossier + T10 + T15 + T20 + T25 + T30 + T35 + A01 + A05 ************ .      -&gt; Creation dossier" name="Must be able to click on the first button -&gt; Creer Dossier" time="2.857" />
  <testcase classname="[E2E].************  Scénario 3 Creation dossier + T10 + T15 + T20 + T25 + T30 + T35 + A01 + A05 ************ .      -&gt; Creation dossier" name="Must be able to click on the arrow of -&gt; Thematique" time="1.33" />
  <testcase classname="[E2E].************  Scénario 3 Creation dossier + T10 + T15 + T20 + T25 + T30 + T35 + A01 + A05 ************ .      -&gt; Creation dossier" name="Must be able to choose on the list -&gt; Thematique" time="1.902" />
  <testcase classname="[E2E].************  Scénario 3 Creation dossier + T10 + T15 + T20 + T25 + T30 + T35 + A01 + A05 ************ .      -&gt; Creation dossier" name="Must be able to click on the arrow of -&gt; Departement" time="1.328" />
  <testcase classname="[E2E].************  Scénario 3 Creation dossier + T10 + T15 + T20 + T25 + T30 + T35 + A01 + A05 ************ .      -&gt; Creation dossier" name="Must be able to choose on the list -&gt; Departement" time="1.3" />
  <testcase classname="[E2E].************  Scénario 3 Creation dossier + T10 + T15 + T20 + T25 + T30 + T35 + A01 + A05 ************ .      -&gt; Creation dossier" name="Must be able to fill the field -&gt; Intitule" time="1.282" />
  <testcase classname="[E2E].************  Scénario 3 Creation dossier + T10 + T15 + T20 + T25 + T30 + T35 + A01 + A05 ************ .      -&gt; Creation dossier" name="1/4 Preparation -&gt; Recherche Beneficiaire" time="1.351" />
  <testcase classname="[E2E].************  Scénario 3 Creation dossier + T10 + T15 + T20 + T25 + T30 + T35 + A01 + A05 ************ .      -&gt; Creation dossier" name="2/4 Preparation -&gt; Departement du bénéficiaire" time="1.341" />
  <testcase classname="[E2E].************  Scénario 3 Creation dossier + T10 + T15 + T20 + T25 + T30 + T35 + A01 + A05 ************ .      -&gt; Creation dossier" name="3/4 Preparation -&gt; choix Departement" time="1.297" />
  <testcase classname="[E2E].************  Scénario 3 Creation dossier + T10 + T15 + T20 + T25 + T30 + T35 + A01 + A05 ************ .      -&gt; Creation dossier" name="4/4 Preparation -&gt; Click Rechercher" time="1.278" />
  <testcase classname="[E2E].************  Scénario 3 Creation dossier + T10 + T15 + T20 + T25 + T30 + T35 + A01 + A05 ************ .      -&gt; Creation dossier" name="Siga-922 -&gt; Choix dans la liste de resultats" time="7.147" />
  <testcase classname="[E2E].************  Scénario 3 Creation dossier + T10 + T15 + T20 + T25 + T30 + T35 + A01 + A05 ************ .      -&gt; Creation dossier" name="Must be able to click on the button -&gt; Enregistrer" time="2.3" />
  <testcase classname="[E2E].************  Scénario 3 Creation dossier + T10 + T15 + T20 + T25 + T30 + T35 + A01 + A05 ************ .      -&gt; Creation dossier" name="Get -&gt; nom dossier" time="1.632" />
 </testsuite>
 <testsuite name="[E2E].************  Scénario 3 Creation dossier + T10 + T15 + T20 + T25 + T30 + T35 + A01 + A05 ************ .      -&gt; ajout autre parametres" timestamp="2018-12-13T14:42:07" hostname="localhost" time="19.906" errors="0" tests="12" skipped="0" disabled="0" failures="0">
  <testcase classname="[E2E].************  Scénario 3 Creation dossier + T10 + T15 + T20 + T25 + T30 + T35 + A01 + A05 ************ .      -&gt; ajout autre parametres" name="Must be able to click on the date button -&gt; Date de la demande" time="1.729" />
  <testcase classname="[E2E].************  Scénario 3 Creation dossier + T10 + T15 + T20 + T25 + T30 + T35 + A01 + A05 ************ .      -&gt; ajout autre parametres" name="Must be able to to choose the date in -&gt; Date de la demande" time="1.319" />
  <testcase classname="[E2E].************  Scénario 3 Creation dossier + T10 + T15 + T20 + T25 + T30 + T35 + A01 + A05 ************ .      -&gt; ajout autre parametres" name="Must be able to click on the date button  -&gt; Date complet" time="1.358" />
  <testcase classname="[E2E].************  Scénario 3 Creation dossier + T10 + T15 + T20 + T25 + T30 + T35 + A01 + A05 ************ .      -&gt; ajout autre parametres" name="Must be able to to choose the date in -&gt; Date complet" time="1.697" />
  <testcase classname="[E2E].************  Scénario 3 Creation dossier + T10 + T15 + T20 + T25 + T30 + T35 + A01 + A05 ************ .      -&gt; ajout autre parametres" name="Must be able to click on the arrow of -&gt; Priorite" time="1.312" />
  <testcase classname="[E2E].************  Scénario 3 Creation dossier + T10 + T15 + T20 + T25 + T30 + T35 + A01 + A05 ************ .      -&gt; ajout autre parametres" name="Must be able to choose on the list -&gt; Priorite" time="1.314" />
  <testcase classname="[E2E].************  Scénario 3 Creation dossier + T10 + T15 + T20 + T25 + T30 + T35 + A01 + A05 ************ .      -&gt; ajout autre parametres" name="Must be able to click on the arrow of -&gt; Session decision" time="1.318" />
  <testcase classname="[E2E].************  Scénario 3 Creation dossier + T10 + T15 + T20 + T25 + T30 + T35 + A01 + A05 ************ .      -&gt; ajout autre parametres" name="Must be able to choose on the list -&gt; Session decision" time="1.316" />
  <testcase classname="[E2E].************  Scénario 3 Creation dossier + T10 + T15 + T20 + T25 + T30 + T35 + A01 + A05 ************ .      -&gt; ajout autre parametres" name="Must be able to navigate to Information spécifique" time="2.436" />
  <testcase classname="[E2E].************  Scénario 3 Creation dossier + T10 + T15 + T20 + T25 + T30 + T35 + A01 + A05 ************ .      -&gt; ajout autre parametres" name="Must be able to fill to Information spécifique -&gt; Type d&apos;action " time="2.133" />
  <testcase classname="[E2E].************  Scénario 3 Creation dossier + T10 + T15 + T20 + T25 + T30 + T35 + A01 + A05 ************ .      -&gt; ajout autre parametres" name="Must be able to fill to Information spécifique -&gt; Pays" time="2.021" />
  <testcase classname="[E2E].************  Scénario 3 Creation dossier + T10 + T15 + T20 + T25 + T30 + T35 + A01 + A05 ************ .      -&gt; ajout autre parametres" name="Must be able to fill to Information spécifique -&gt; Zone prioritaire" time="1.953" />
 </testsuite>
 <testsuite name="[E2E].************  Scénario 3 Creation dossier + T10 + T15 + T20 + T25 + T30 + T35 + A01 + A05 ************ .      -&gt; Nature operation + aides" timestamp="2018-12-13T14:42:27" hostname="localhost" time="16.865" errors="0" tests="10" skipped="0" disabled="0" failures="0">
  <testcase classname="[E2E].************  Scénario 3 Creation dossier + T10 + T15 + T20 + T25 + T30 + T35 + A01 + A05 ************ .      -&gt; Nature operation + aides" name="Must be able to navigate to Recapitulatif des aides -&gt; Click Recapitulatif des aides  " time="2.333" />
  <testcase classname="[E2E].************  Scénario 3 Creation dossier + T10 + T15 + T20 + T25 + T30 + T35 + A01 + A05 ************ .      -&gt; Nature operation + aides" name="Must be able to click on the arrow of -&gt; Nature Operation" time="1.709" />
  <testcase classname="[E2E].************  Scénario 3 Creation dossier + T10 + T15 + T20 + T25 + T30 + T35 + A01 + A05 ************ .      -&gt; Nature operation + aides" name="Must be able to choose several elements on the list -&gt; Nature Operation" time="2.116" />
  <testcase classname="[E2E].************  Scénario 3 Creation dossier + T10 + T15 + T20 + T25 + T30 + T35 + A01 + A05 ************ .      -&gt; Nature operation + aides" name="Must be able to add labbel -&gt; Ajouter labbel" time="1.278" />
  <testcase classname="[E2E].************  Scénario 3 Creation dossier + T10 + T15 + T20 + T25 + T30 + T35 + A01 + A05 ************ .      -&gt; Nature operation + aides" name="Must be able to enter input cout -&gt; Ajouter cout" time="1.369" />
  <testcase classname="[E2E].************  Scénario 3 Creation dossier + T10 + T15 + T20 + T25 + T30 + T35 + A01 + A05 ************ .      -&gt; Nature operation + aides" name="Must be able to add aides  -&gt; Ajouter cout taux avance" time="1.363" />
  <testcase classname="[E2E].************  Scénario 3 Creation dossier + T10 + T15 + T20 + T25 + T30 + T35 + A01 + A05 ************ .      -&gt; Nature operation + aides" name="Must be able to add aides  -&gt; Ajouter cout taux subvention" time="1.33" />
  <testcase classname="[E2E].************  Scénario 3 Creation dossier + T10 + T15 + T20 + T25 + T30 + T35 + A01 + A05 ************ .      -&gt; Nature operation + aides" name="Must be able to add aides  -&gt; Ajouter cout taux specifique" time="1.334" />
  <testcase classname="[E2E].************  Scénario 3 Creation dossier + T10 + T15 + T20 + T25 + T30 + T35 + A01 + A05 ************ .      -&gt; Nature operation + aides" name="Must be able to fill spécificité de calcul " time="1.719" />
  <testcase classname="[E2E].************  Scénario 3 Creation dossier + T10 + T15 + T20 + T25 + T30 + T35 + A01 + A05 ************ .      -&gt; Nature operation + aides" name="Must be able to validate -&gt; Click Enregistrer" time="2.314" />
 </testsuite>
 <testsuite name="[E2E].************  Scénario 3 Creation dossier + T10 + T15 + T20 + T25 + T30 + T35 + A01 + A05 ************ . must go to T15 " timestamp="2018-12-13T14:42:43" hostname="localhost" time="28.083" errors="0" tests="2" skipped="0" disabled="0" failures="0">
  <testcase classname="[E2E].************  Scénario 3 Creation dossier + T10 + T15 + T20 + T25 + T30 + T35 + A01 + A05 ************ . must go to T15 " name="Must be able to click on the button -&gt; Basculer" time="11.738" />
  <testcase classname="[E2E].************  Scénario 3 Creation dossier + T10 + T15 + T20 + T25 + T30 + T35 + A01 + A05 ************ . must go to T15 " name="Must be able to click on the button -&gt; Basculer" time="16.345" />
 </testsuite>
 <testsuite name="[E2E].************  Scénario 3 Creation dossier + T10 + T15 + T20 + T25 + T30 + T35 + A01 + A05 ************ . must go from T15 &gt; T20 &gt; T25 &gt; T30 " timestamp="2018-12-13T14:43:12" hostname="localhost" time="61.315" errors="0" tests="4" skipped="0" disabled="0" failures="0">
  <testcase classname="[E2E].************  Scénario 3 Creation dossier + T10 + T15 + T20 + T25 + T30 + T35 + A01 + A05 ************ . must go from T15 &gt; T20 &gt; T25 &gt; T30 " name="Must be able to go from T15 to T20 1/2 " time="8.905" />
  <testcase classname="[E2E].************  Scénario 3 Creation dossier + T10 + T15 + T20 + T25 + T30 + T35 + A01 + A05 ************ . must go from T15 &gt; T20 &gt; T25 &gt; T30 " name="Must be able to go from T15 to T20 2/2" time="7.409" />
  <testcase classname="[E2E].************  Scénario 3 Creation dossier + T10 + T15 + T20 + T25 + T30 + T35 + A01 + A05 ************ . must go from T15 &gt; T20 &gt; T25 &gt; T30 " name="Must be able to go from T20 to T25" time="29.001" />
  <testcase classname="[E2E].************  Scénario 3 Creation dossier + T10 + T15 + T20 + T25 + T30 + T35 + A01 + A05 ************ . must go from T15 &gt; T20 &gt; T25 &gt; T30 " name="Must be able to go from T25 to T30" time="16" />
 </testsuite>
 <testsuite name="[E2E].************  Scénario 3 Creation dossier + T10 + T15 + T20 + T25 + T30 + T35 + A01 + A05 ************ .Must be able to go from T30 to T35 " timestamp="2018-12-13T14:44:13" hostname="localhost" time="47.584" errors="0" tests="4" skipped="0" disabled="0" failures="0">
  <testcase classname="[E2E].************  Scénario 3 Creation dossier + T10 + T15 + T20 + T25 + T30 + T35 + A01 + A05 ************ .Must be able to go from T30 to T35 " name="Se rendre sur -&gt;  Rechercher dossier Preparer une session" time="12.394" />
  <testcase classname="[E2E].************  Scénario 3 Creation dossier + T10 + T15 + T20 + T25 + T30 + T35 + A01 + A05 ************ .Must be able to go from T30 to T35 " name="Selectionner le dossier " time="25.965" />
  <testcase classname="[E2E].************  Scénario 3 Creation dossier + T10 + T15 + T20 + T25 + T30 + T35 + A01 + A05 ************ .Must be able to go from T30 to T35 " name="spécifier l&apos;année" time="3.346" />
  <testcase classname="[E2E].************  Scénario 3 Creation dossier + T10 + T15 + T20 + T25 + T30 + T35 + A01 + A05 ************ .Must be able to go from T30 to T35 " name=" Affecter a la session" time="5.879" />
 </testsuite>
 <testsuite name="[E2E].************  Scénario 3 Creation dossier + T10 + T15 + T20 + T25 + T30 + T35 + A01 + A05 ************ .Must be able to go from T35 to A00 " timestamp="2018-12-13T14:45:00" hostname="localhost" time="18.003" errors="0" tests="5" skipped="0" disabled="0" failures="0">
  <testcase classname="[E2E].************  Scénario 3 Creation dossier + T10 + T15 + T20 + T25 + T30 + T35 + A01 + A05 ************ .Must be able to go from T35 to A00 " name="Must navigate to Saisir avis" time="3.462" />
  <testcase classname="[E2E].************  Scénario 3 Creation dossier + T10 + T15 + T20 + T25 + T30 + T35 + A01 + A05 ************ .Must be able to go from T35 to A00 " name="Must search for dossier" time="5.533" />
  <testcase classname="[E2E].************  Scénario 3 Creation dossier + T10 + T15 + T20 + T25 + T30 + T35 + A01 + A05 ************ .Must be able to go from T35 to A00 " name="Must be able to get nombre de dossiers" time="1.19" />
  <testcase classname="[E2E].************  Scénario 3 Creation dossier + T10 + T15 + T20 + T25 + T30 + T35 + A01 + A05 ************ .Must be able to go from T35 to A00 " name="Must be able to set Refusé pour tous les dossier 1/2 " time="5.102" />
  <testcase classname="[E2E].************  Scénario 3 Creation dossier + T10 + T15 + T20 + T25 + T30 + T35 + A01 + A05 ************ .Must be able to go from T35 to A00 " name="Must be able to set avis Refusé 2/2" time="2.716" />
 </testsuite>
</testsuites>